<?xml version="1.0" encoding="UTF-8"?>
<!-- Generated by org.testng.reporters.JUnitReportReporter -->
<testsuite hostname="BLR300" failures="0" tests="1" name="testscases.LoginFunctionalityTests" time="8.017" errors="0" timestamp="2023-09-13T20:55:18 IST" skipped="0">
  <testcase classname="testscases.LoginFunctionalityTests" name="registerUser" time="8.017"/>
  <system-out/>
</testsuite> <!-- testscases.LoginFunctionalityTests -->
